<?xml version="1.0" encoding="UTF-8"?>
<testng-results skipped="1" failed="1" ignored="0" total="4" passed="2">
  <reporter-output>
    <line>
      <![CDATA[▀▄▀▄▀ DEVICE PROPERTIES: Capabilities [{reportPdfUrl=https://demo.reporting.perfectomobile.com/export/api/v1/test-executions/pdf?externalId[0]=uzie@perfectomobile.com_RemoteWebDriver_18-10-16_15_04_23_20638&_timestamp[0]=1539702263991, simpleIsVisibleCheck=true, deviceName=143D71CAAC024D6E111E8E7FF460D4C8F0080E5A, platform=ANY, password=, deviceSessionId=uzie@perfectomobile.com_RemoteWebDriver_18-10-16_15_04_23_20638, host=demo.perfectomobile.com, singleTestReportUrl=https://demo.reporting.perfectomobile.com/library?externalId[0]=uzie@perfectomobile.com_RemoteWebDriver_18-10-16_15_04_23_20638&_timestamp[0]=1539702263991, takesScreenshot=true, javascriptEnabled=true, platformName=iOS, rotatable=true, testGridReportUrl=https://demo.reporting.perfectomobile.com/library?externalId[0]=uzie@perfectomobile.com_RemoteWebDriver_18-10-16_15_04_23_20638&_timestamp[0]=1539702263991, entityType=appium_driver, xcuitestFindOptimizations=true, bundleId=com.perfecto.PerfectoBank, serverConnector=, serverHost=1.1.29.29:11601, securityToken=, executionId=uzie@perfectomobile.com_RemoteWebDriver_18-10-16_15_04_23_20638, webdriver.remote.sessionid=05bebe77-bf7e-49e3-a473-812fea606cd9, locationContextEnabled=true, scriptName=RemoteWebDriver, location=NA-US-BOS, reportKey=uzie@perfectomobile.com_RemoteWebDriver_18-10-16_15_04_23_20638, windTunnelReportUrl=https://demo.reporting.perfectomobile.com/library?externalId[0]=uzie@perfectomobile.com_RemoteWebDriver_18-10-16_15_04_23_20638&_timestamp[0]=1539702263991, user=, cssSelectorsEnabled=true}] ▀▄▀▄▀]]>
    </line>
    <line>
      <![CDATA[█▀▀▀▀▀▀▀▀▀▀▀▀▀▀▀▀▀▀▀▀▀▀▀▀▀▀▀▀▀▀▀▀▀▀▀▀▀▀▀▀█]]>
    </line>
    <line>
      <![CDATA[█ TEST STARTED: PerfectoBankCheckDeposit █]]>
    </line>
    <line>
      <![CDATA[█▄▄▄▄▄▄▄▄▄▄▄▄▄▄▄▄▄▄▄▄▄▄▄▄▄▄▄▄▄▄▄▄▄▄▄▄▄▄▄▄█]]>
    </line>
    <line>
      <![CDATA[▀▄▀▄▀ DEVICE PROPERTIES: Capabilities [{reportPdfUrl=https://demo.reporting.perfectomobile.com/export/api/v1/test-executions/pdf?externalId[0]=uzie@perfectomobile.com_RemoteWebDriver_18-10-16_15_04_23_20639&_timestamp[0]=1539702263994, simpleIsVisibleCheck=true, deviceName=8AF8F6AFBC0F6CF46617EE6EFA70D140DA8D8965, platform=ANY, password=, deviceSessionId=uzie@perfectomobile.com_RemoteWebDriver_18-10-16_15_04_23_20639, host=demo.perfectomobile.com, singleTestReportUrl=https://demo.reporting.perfectomobile.com/library?externalId[0]=uzie@perfectomobile.com_RemoteWebDriver_18-10-16_15_04_23_20639&_timestamp[0]=1539702263994, takesScreenshot=true, javascriptEnabled=true, platformName=iOS, rotatable=true, testGridReportUrl=https://demo.reporting.perfectomobile.com/library?externalId[0]=uzie@perfectomobile.com_RemoteWebDriver_18-10-16_15_04_23_20639&_timestamp[0]=1539702263994, entityType=appium_driver, xcuitestFindOptimizations=true, bundleId=com.perfecto.PerfectoBank, serverConnector=, serverHost=1.1.29.76:11604, securityToken=, executionId=uzie@perfectomobile.com_RemoteWebDriver_18-10-16_15_04_23_20639, webdriver.remote.sessionid=259c4788-d7e0-426e-8389-cae5dea0f1b1, locationContextEnabled=true, scriptName=RemoteWebDriver, location=NA-US-BOS, reportKey=uzie@perfectomobile.com_RemoteWebDriver_18-10-16_15_04_23_20639, windTunnelReportUrl=https://demo.reporting.perfectomobile.com/library?externalId[0]=uzie@perfectomobile.com_RemoteWebDriver_18-10-16_15_04_23_20639&_timestamp[0]=1539702263994, user=, cssSelectorsEnabled=true}] ▀▄▀▄▀]]>
    </line>
    <line>
      <![CDATA[█▀▀▀▀▀▀▀▀▀▀▀▀▀▀▀▀▀▀▀▀▀▀▀▀▀▀▀▀▀▀▀▀▀▀▀▀▀▀▀▀█]]>
    </line>
    <line>
      <![CDATA[█ TEST STARTED: PerfectoBankCheckDeposit █]]>
    </line>
    <line>
      <![CDATA[█▄▄▄▄▄▄▄▄▄▄▄▄▄▄▄▄▄▄▄▄▄▄▄▄▄▄▄▄▄▄▄▄▄▄▄▄▄▄▄▄█]]>
    </line>
    <line>
      <![CDATA[<div style="display:block;margin-left:10px;"><div  class="fail"><span class="fail-label">F </span>Failed to execute command image.injection start: startImageInjection command failed. Reason: handset server: target application is not instrumented
Command duration or timeout: 3.33 seconds
Build info: version: '2.53.1', revision: 'a36b8b1cd5757287168e54b817830adce9b0158d', time: '2016-06-30 19:26:09'
System info: host: 'UziMac.lan', ip: '10.253.252.217', os.name: 'Mac OS X', os.arch: 'x86_64', os.version: '10.13.6', java.version: '1.8.0_45'
Driver info: com.qmetry.qaf.automation.ui.webdriver.QAFExtendedWebDriver
Capabilities [{reportPdfUrl=https://demo.reporting.perfectomobile.com/export/api/v1/test-executions/pdf?externalId[0]=uzie@perfectomobile.com_RemoteWebDriver_18-10-16_15_04_23_20638&_timestamp[0]=1539702263991, simpleIsVisibleCheck=true, deviceName=143D71CAAC024D6E111E8E7FF460D4C8F0080E5A, platform=ANY, password=, deviceSessionId=uzie@perfectomobile.com_RemoteWebDriver_18-10-16_15_04_23_20638, host=demo.perfectomobile.com, singleTestReportUrl=https://demo.reporting.perfectomobile.com/library?externalId[0]=uzie@perfectomobile.com_RemoteWebDriver_18-10-16_15_04_23_20638&_timestamp[0]=1539702263991, takesScreenshot=true, javascriptEnabled=true, platformName=iOS, rotatable=true, testGridReportUrl=https://demo.reporting.perfectomobile.com/library?externalId[0]=uzie@perfectomobile.com_RemoteWebDriver_18-10-16_15_04_23_20638&_timestamp[0]=1539702263991, entityType=appium_driver, xcuitestFindOptimizations=true, bundleId=com.perfecto.PerfectoBank, serverConnector=, serverHost=1.1.29.29:11601, securityToken=, executionId=uzie@perfectomobile.com_RemoteWebDriver_18-10-16_15_04_23_20638, webdriver.remote.sessionid=05bebe77-bf7e-49e3-a473-812fea606cd9, locationContextEnabled=true, scriptName=RemoteWebDriver, location=NA-US-BOS, reportKey=uzie@perfectomobile.com_RemoteWebDriver_18-10-16_15_04_23_20638, windTunnelReportUrl=https://demo.reporting.perfectomobile.com/library?externalId[0]=uzie@perfectomobile.com_RemoteWebDriver_18-10-16_15_04_23_20638&_timestamp[0]=1539702263991, user=, cssSelectorsEnabled=true}]
Session ID: 05bebe77-bf7e-49e3-a473-812fea606cd9 <a href="img/PerfectoBankCheckDeposit_rpmf7rtpy55t13888.png" target="_blank">[View Screenshot]</a> </div></div>]]>
    </line>
    <line>
      <![CDATA[▀▄▀▄▀ REPORTIUM URL: https://demo.reporting.perfectomobile.com/library?externalId%5B0%5D=uzie@perfectomobile.com_RemoteWebDriver_18-10-16_15_04_23_20638&_timestamp%5B0%5D=1539702263991 ▀▄▀▄▀]]>
    </line>
    <line>
      <![CDATA[█▀▀▀▀▀▀▀▀▀▀▀▀▀▀▀▀▀▀▀▀▀▀▀▀▀▀▀▀▀▀▀▀▀▀▀▀▀▀▀█]]>
    </line>
    <line>
      <![CDATA[█ TEST FAILED: PerfectoBankCheckDeposit █]]>
    </line>
    <line>
      <![CDATA[█▄▄▄▄▄▄▄▄▄▄▄▄▄▄▄▄▄▄▄▄▄▄▄▄▄▄▄▄▄▄▄▄▄▄▄▄▄▄▄█]]>
    </line>
    <line>
      <![CDATA[<div style="display:block;margin-left:10px;"></div>]]>
    </line>
    <line>
      <![CDATA[<div style="display:block;margin-left:10px;"></div>]]>
    </line>
    <line>
      <![CDATA[▀▄▀▄▀ REPORTIUM URL: https://demo.reporting.perfectomobile.com/library?externalId%5B0%5D=uzie@perfectomobile.com_RemoteWebDriver_18-10-16_15_04_23_20639&_timestamp%5B0%5D=1539702263994 ▀▄▀▄▀]]>
    </line>
    <line>
      <![CDATA[█▀▀▀▀▀▀▀▀▀▀▀▀▀▀▀▀▀▀▀▀▀▀▀▀▀▀▀▀▀▀▀▀▀▀▀▀▀▀▀█]]>
    </line>
    <line>
      <![CDATA[█ TEST PASSED: PerfectoBankCheckDeposit █]]>
    </line>
    <line>
      <![CDATA[█▄▄▄▄▄▄▄▄▄▄▄▄▄▄▄▄▄▄▄▄▄▄▄▄▄▄▄▄▄▄▄▄▄▄▄▄▄▄▄█]]>
    </line>
    <line>
      <![CDATA[█▀▀▀▀▀▀▀▀▀▀▀▀▀▀▀▀▀▀▀▀▀▀▀▀▀▀▀▀▀▀▀▀▀▀▀▀▀▀▀▀▀▀▀▀█]]>
    </line>
    <line>
      <![CDATA[█ TEST STARTED: transferMoneyMoreThenBalance █]]>
    </line>
    <line>
      <![CDATA[█▄▄▄▄▄▄▄▄▄▄▄▄▄▄▄▄▄▄▄▄▄▄▄▄▄▄▄▄▄▄▄▄▄▄▄▄▄▄▄▄▄▄▄▄█]]>
    </line>
    <line>
      <![CDATA[<div style="display:block;margin-left:10px;"></div>]]>
    </line>
    <line>
      <![CDATA[▀▄▀▄▀ REPORTIUM URL: https://demo.reporting.perfectomobile.com/library?externalId%5B0%5D=uzie@perfectomobile.com_RemoteWebDriver_18-10-16_15_04_23_20639&_timestamp%5B0%5D=1539702263994 ▀▄▀▄▀]]>
    </line>
    <line>
      <![CDATA[█▀▀▀▀▀▀▀▀▀▀▀▀▀▀▀▀▀▀▀▀▀▀▀▀▀▀▀▀▀▀▀▀▀▀▀▀▀▀▀▀▀▀▀█]]>
    </line>
    <line>
      <![CDATA[█ TEST PASSED: transferMoneyMoreThenBalance █]]>
    </line>
    <line>
      <![CDATA[█▄▄▄▄▄▄▄▄▄▄▄▄▄▄▄▄▄▄▄▄▄▄▄▄▄▄▄▄▄▄▄▄▄▄▄▄▄▄▄▄▄▄▄█]]>
    </line>
  </reporter-output>
  <suite name="PerfectoBank ios10" duration-ms="186873" started-at="2018-10-16T15:04:23Z" finished-at="2018-10-16T15:07:30Z">
    <groups>
      <group name="P1">
        <method signature="PerfectoBank.PerfectoBankCheckDeposit()[pri:0, instance:com.quantum.tests.PerfectoBank@71c8becc]" name="PerfectoBankCheckDeposit" class="com.quantum.tests.PerfectoBank"/>
        <method signature="PerfectoBank.transferMoneyMoreThenBalance()[pri:0, instance:com.quantum.tests.PerfectoBank@71c8becc]" name="transferMoneyMoreThenBalance" class="com.quantum.tests.PerfectoBank"/>
        <method signature="PerfectoBank.PerfectoBankCheckDeposit()[pri:0, instance:com.quantum.tests.PerfectoBank@79ad8b2f]" name="PerfectoBankCheckDeposit" class="com.quantum.tests.PerfectoBank"/>
        <method signature="PerfectoBank.transferMoneyMoreThenBalance()[pri:0, instance:com.quantum.tests.PerfectoBank@79ad8b2f]" name="transferMoneyMoreThenBalance" class="com.quantum.tests.PerfectoBank"/>
      </group> <!-- P1 -->
      <group name="search">
        <method signature="PerfectoBank.PerfectoBankCheckDeposit()[pri:0, instance:com.quantum.tests.PerfectoBank@71c8becc]" name="PerfectoBankCheckDeposit" class="com.quantum.tests.PerfectoBank"/>
        <method signature="PerfectoBank.transferMoneyMoreThenBalance()[pri:0, instance:com.quantum.tests.PerfectoBank@71c8becc]" name="transferMoneyMoreThenBalance" class="com.quantum.tests.PerfectoBank"/>
        <method signature="PerfectoBank.PerfectoBankCheckDeposit()[pri:0, instance:com.quantum.tests.PerfectoBank@79ad8b2f]" name="PerfectoBankCheckDeposit" class="com.quantum.tests.PerfectoBank"/>
        <method signature="PerfectoBank.transferMoneyMoreThenBalance()[pri:0, instance:com.quantum.tests.PerfectoBank@79ad8b2f]" name="transferMoneyMoreThenBalance" class="com.quantum.tests.PerfectoBank"/>
      </group> <!-- search -->
      <group name="perfectoBank">
        <method signature="PerfectoBank.PerfectoBankCheckDeposit()[pri:0, instance:com.quantum.tests.PerfectoBank@71c8becc]" name="PerfectoBankCheckDeposit" class="com.quantum.tests.PerfectoBank"/>
        <method signature="PerfectoBank.transferMoneyMoreThenBalance()[pri:0, instance:com.quantum.tests.PerfectoBank@71c8becc]" name="transferMoneyMoreThenBalance" class="com.quantum.tests.PerfectoBank"/>
        <method signature="PerfectoBank.PerfectoBankCheckDeposit()[pri:0, instance:com.quantum.tests.PerfectoBank@79ad8b2f]" name="PerfectoBankCheckDeposit" class="com.quantum.tests.PerfectoBank"/>
        <method signature="PerfectoBank.transferMoneyMoreThenBalance()[pri:0, instance:com.quantum.tests.PerfectoBank@79ad8b2f]" name="transferMoneyMoreThenBalance" class="com.quantum.tests.PerfectoBank"/>
      </group> <!-- perfectoBank -->
    </groups>
    <test name="PerfectoBank ios10" duration-ms="106599" started-at="2018-10-16T15:04:23Z" finished-at="2018-10-16T15:06:09Z">
      <class name="com.quantum.tests.PerfectoBank">
        <test-method status="PASS" signature="setupTest(org.testng.ITestContext)[pri:0, instance:com.quantum.tests.PerfectoBank@71c8becc]" name="setupTest" is-config="true" duration-ms="3" started-at="2018-10-16T11:04:23Z" finished-at="2018-10-16T11:04:23Z">
          <params>
            <param index="0">
              <value>
                <![CDATA[org.testng.TestRunner@5cc4845a]]>
              </value>
            </param>
          </params>
          <reporter-output>
          </reporter-output>
        </test-method> <!-- setupTest -->
        <test-method status="PASS" signature="setup(org.testng.ITestContext)[pri:0, instance:com.quantum.tests.PerfectoBank@71c8becc]" name="setup" is-config="true" duration-ms="1" started-at="2018-10-16T11:04:23Z" finished-at="2018-10-16T11:04:23Z">
          <params>
            <param index="0">
              <value>
                <![CDATA[org.testng.TestRunner@5cc4845a]]>
              </value>
            </param>
          </params>
          <reporter-output>
          </reporter-output>
        </test-method> <!-- setup -->
        <test-method status="PASS" signature="setupMethod(java.lang.reflect.Method, org.testng.ITestContext)[pri:0, instance:com.quantum.tests.PerfectoBank@71c8becc]" name="setupMethod" is-config="true" duration-ms="1" started-at="2018-10-16T11:04:23Z" finished-at="2018-10-16T11:04:23Z">
          <params>
            <param index="0">
              <value>
                <![CDATA[public void com.quantum.tests.PerfectoBank.PerfectoBankCheckDeposit()]]>
              </value>
            </param>
            <param index="1">
              <value>
                <![CDATA[org.testng.TestRunner@5cc4845a]]>
              </value>
            </param>
          </params>
          <reporter-output>
          </reporter-output>
        </test-method> <!-- setupMethod -->
        <test-method status="FAIL" signature="PerfectoBankCheckDeposit()[pri:0, instance:com.quantum.tests.PerfectoBank@71c8becc]" name="PerfectoBankCheckDeposit" duration-ms="50469" started-at="2018-10-16T11:04:23Z" description="Search" finished-at="2018-10-16T11:05:13Z">
          <exception class="org.openqa.selenium.WebDriverException">
            <message>
              <![CDATA[Failed to execute command image.injection start: startImageInjection command failed. Reason: handset server: target application is not instrumented
Command duration or timeout: 3.33 seconds
Build info: version: '2.53.1', revision: 'a36b8b1cd5757287168e54b817830adce9b0158d', time: '2016-06-30 19:26:09'
System info: host: 'UziMac.lan', ip: '10.253.252.217', os.name: 'Mac OS X', os.arch: 'x86_64', os.version: '10.13.6', java.version: '1.8.0_45'
Driver info: com.qmetry.qaf.automation.ui.webdriver.QAFExtendedWebDriver
Capabilities [{reportPdfUrl=https://demo.reporting.perfectomobile.com/export/api/v1/test-executions/pdf?externalId[0]=uzie@perfectomobile.com_RemoteWebDriver_18-10-16_15_04_23_20638&_timestamp[0]=1539702263991, simpleIsVisibleCheck=true, deviceName=143D71CAAC024D6E111E8E7FF460D4C8F0080E5A, platform=ANY, password=, deviceSessionId=uzie@perfectomobile.com_RemoteWebDriver_18-10-16_15_04_23_20638, host=demo.perfectomobile.com, singleTestReportUrl=https://demo.reporting.perfectomobile.com/library?externalId[0]=uzie@perfectomobile.com_RemoteWebDriver_18-10-16_15_04_23_20638&_timestamp[0]=1539702263991, takesScreenshot=true, javascriptEnabled=true, platformName=iOS, rotatable=true, testGridReportUrl=https://demo.reporting.perfectomobile.com/library?externalId[0]=uzie@perfectomobile.com_RemoteWebDriver_18-10-16_15_04_23_20638&_timestamp[0]=1539702263991, entityType=appium_driver, xcuitestFindOptimizations=true, bundleId=com.perfecto.PerfectoBank, serverConnector=, serverHost=1.1.29.29:11601, securityToken=, executionId=uzie@perfectomobile.com_RemoteWebDriver_18-10-16_15_04_23_20638, webdriver.remote.sessionid=05bebe77-bf7e-49e3-a473-812fea606cd9, locationContextEnabled=true, scriptName=RemoteWebDriver, location=NA-US-BOS, reportKey=uzie@perfectomobile.com_RemoteWebDriver_18-10-16_15_04_23_20638, windTunnelReportUrl=https://demo.reporting.perfectomobile.com/library?externalId[0]=uzie@perfectomobile.com_RemoteWebDriver_18-10-16_15_04_23_20638&_timestamp[0]=1539702263991, user=, cssSelectorsEnabled=true}]
Session ID: 05bebe77-bf7e-49e3-a473-812fea606cd9]]>
            </message>
            <full-stacktrace>
              <![CDATA[org.openqa.selenium.WebDriverException: Failed to execute command image.injection start: startImageInjection command failed. Reason: handset server: target application is not instrumented
Command duration or timeout: 3.33 seconds
Build info: version: '2.53.1', revision: 'a36b8b1cd5757287168e54b817830adce9b0158d', time: '2016-06-30 19:26:09'
System info: host: 'UziMac.lan', ip: '10.253.252.217', os.name: 'Mac OS X', os.arch: 'x86_64', os.version: '10.13.6', java.version: '1.8.0_45'
Driver info: com.qmetry.qaf.automation.ui.webdriver.QAFExtendedWebDriver
Capabilities [{reportPdfUrl=https://demo.reporting.perfectomobile.com/export/api/v1/test-executions/pdf?externalId[0]=uzie@perfectomobile.com_RemoteWebDriver_18-10-16_15_04_23_20638&_timestamp[0]=1539702263991, simpleIsVisibleCheck=true, deviceName=143D71CAAC024D6E111E8E7FF460D4C8F0080E5A, platform=ANY, password=, deviceSessionId=uzie@perfectomobile.com_RemoteWebDriver_18-10-16_15_04_23_20638, host=demo.perfectomobile.com, singleTestReportUrl=https://demo.reporting.perfectomobile.com/library?externalId[0]=uzie@perfectomobile.com_RemoteWebDriver_18-10-16_15_04_23_20638&_timestamp[0]=1539702263991, takesScreenshot=true, javascriptEnabled=true, platformName=iOS, rotatable=true, testGridReportUrl=https://demo.reporting.perfectomobile.com/library?externalId[0]=uzie@perfectomobile.com_RemoteWebDriver_18-10-16_15_04_23_20638&_timestamp[0]=1539702263991, entityType=appium_driver, xcuitestFindOptimizations=true, bundleId=com.perfecto.PerfectoBank, serverConnector=, serverHost=1.1.29.29:11601, securityToken=, executionId=uzie@perfectomobile.com_RemoteWebDriver_18-10-16_15_04_23_20638, webdriver.remote.sessionid=05bebe77-bf7e-49e3-a473-812fea606cd9, locationContextEnabled=true, scriptName=RemoteWebDriver, location=NA-US-BOS, reportKey=uzie@perfectomobile.com_RemoteWebDriver_18-10-16_15_04_23_20638, windTunnelReportUrl=https://demo.reporting.perfectomobile.com/library?externalId[0]=uzie@perfectomobile.com_RemoteWebDriver_18-10-16_15_04_23_20638&_timestamp[0]=1539702263991, user=, cssSelectorsEnabled=true}]
Session ID: 05bebe77-bf7e-49e3-a473-812fea606cd9
	at sun.reflect.NativeConstructorAccessorImpl.newInstance0(Native Method)
	at sun.reflect.NativeConstructorAccessorImpl.newInstance(NativeConstructorAccessorImpl.java:62)
	at sun.reflect.DelegatingConstructorAccessorImpl.newInstance(DelegatingConstructorAccessorImpl.java:45)
	at java.lang.reflect.Constructor.newInstance(Constructor.java:422)
	at org.openqa.selenium.remote.ErrorHandler.createThrowable(ErrorHandler.java:206)
	at org.openqa.selenium.remote.ErrorHandler.throwIfResponseFailed(ErrorHandler.java:158)
	at org.openqa.selenium.remote.RemoteWebDriver.execute(RemoteWebDriver.java:678)
	at com.qmetry.qaf.automation.ui.webdriver.QAFExtendedWebDriver.execute(QAFExtendedWebDriver.java:234)
	at com.qmetry.qaf.automation.ui.webdriver.QAFExtendedWebDriver.executeScript(QAFExtendedWebDriver.java:529)
	at com.quantum.utils.moreActions.startImageInjection(moreActions.java:39)
	at com.quantum.tests.PerfectoBank.PerfectoBankCheckDeposit(PerfectoBank.java:36)
	at sun.reflect.NativeMethodAccessorImpl.invoke0(Native Method)
	at sun.reflect.NativeMethodAccessorImpl.invoke(NativeMethodAccessorImpl.java:62)
	at sun.reflect.DelegatingMethodAccessorImpl.invoke(DelegatingMethodAccessorImpl.java:43)
	at java.lang.reflect.Method.invoke(Method.java:497)
	at org.testng.internal.MethodInvocationHelper.invokeMethod(MethodInvocationHelper.java:104)
	at org.testng.internal.Invoker.invokeMethod(Invoker.java:645)
	at org.testng.internal.Invoker.invokeTestMethod(Invoker.java:851)
	at org.testng.internal.Invoker.invokeTestMethods(Invoker.java:1177)
	at org.testng.internal.TestMethodWorker.invokeTestMethods(TestMethodWorker.java:129)
	at org.testng.internal.TestMethodWorker.run(TestMethodWorker.java:112)
	at org.testng.TestRunner.privateRun(TestRunner.java:781)
	at org.testng.TestRunner.run(TestRunner.java:635)
	at org.testng.SuiteRunner.runTest(SuiteRunner.java:387)
	at org.testng.SuiteRunner.access$000(SuiteRunner.java:39)
	at org.testng.SuiteRunner$SuiteWorker.run(SuiteRunner.java:421)
	at org.testng.internal.thread.ThreadUtil$2.call(ThreadUtil.java:64)
	at java.util.concurrent.FutureTask.run(FutureTask.java:266)
	at java.util.concurrent.ThreadPoolExecutor.runWorker(ThreadPoolExecutor.java:1142)
	at java.util.concurrent.ThreadPoolExecutor$Worker.run(ThreadPoolExecutor.java:617)
	at java.lang.Thread.run(Thread.java:745)
Caused by: java.lang.RuntimeException: Failed to execute command image.injection start: startImageInjection command failed. Reason: handset server: target application is not instrumented
	at com.perfectomobile.selenium.MobileEntity.processCommonResponse(MobileEntity.java:102)
	at com.perfectomobile.selenium.MobileDevice.processResponse(MobileDevice.java:530)
	at com.perfectomobile.selenium.MobileEntity.executeDataCommand(MobileEntity.java:68)
	at com.perfectomobile.selenium.MobileEntity.executeDataCommand(MobileEntity.java:61)
	at com.perfectomobile.selenium.MobileDevice.executeGenericCommand(MobileDevice.java:611)
	at com.perfectomobile.selenium.MobileDevice.executeGenericCommand(MobileDevice.java:55)
	at com.perfectomobile.selenium.server.appium.ExecuteScript.executeGenericCommand(ExecuteScript.java:119)
	at com.perfectomobile.selenium.server.appium.ExecuteScript.executeGenericCommand(ExecuteScript.java:77)
	at com.perfectomobile.selenium.server.appium.ExecuteScript.mobileCall(ExecuteScript.java:48)
	at com.perfectomobile.selenium.server.MobileWebDriverHandler.call(MobileWebDriverHandler.java:23)
	at org.openqa.selenium.remote.server.handler.WebDriverHandler.handle(WebDriverHandler.java:41)
	at org.openqa.selenium.remote.server.rest.ResultConfig.handle(ResultConfig.java:112)
	at org.openqa.selenium.remote.server.JsonHttpCommandHandler.handleRequest(JsonHttpCommandHandler.java:192)
	at org.openqa.selenium.remote.server.MobileDriverServlet.lambda$handleRequest$0(MobileDriverServlet.java:465)
	at java.util.concurrent.Executors$RunnableAdapter.call(Executors.java:511)
	at java.util.concurrent.FutureTask.run(FutureTask.java:266)
	at java.util.concurrent.ThreadPoolExecutor.runWorker(ThreadPoolExecutor.java:1142)
	at java.util.concurrent.ThreadPoolExecutor$Worker.run(ThreadPoolExecutor.java:617)
	at java.lang.Thread.run(Thread.java:748)
]]>
            </full-stacktrace>
          </exception> <!-- org.openqa.selenium.WebDriverException -->
          <reporter-output>
            <line>
              <![CDATA[▀▄▀▄▀ DEVICE PROPERTIES: Capabilities [{reportPdfUrl=https://demo.reporting.perfectomobile.com/export/api/v1/test-executions/pdf?externalId[0]=uzie@perfectomobile.com_RemoteWebDriver_18-10-16_15_04_23_20638&_timestamp[0]=1539702263991, simpleIsVisibleCheck=true, deviceName=143D71CAAC024D6E111E8E7FF460D4C8F0080E5A, platform=ANY, password=, deviceSessionId=uzie@perfectomobile.com_RemoteWebDriver_18-10-16_15_04_23_20638, host=demo.perfectomobile.com, singleTestReportUrl=https://demo.reporting.perfectomobile.com/library?externalId[0]=uzie@perfectomobile.com_RemoteWebDriver_18-10-16_15_04_23_20638&_timestamp[0]=1539702263991, takesScreenshot=true, javascriptEnabled=true, platformName=iOS, rotatable=true, testGridReportUrl=https://demo.reporting.perfectomobile.com/library?externalId[0]=uzie@perfectomobile.com_RemoteWebDriver_18-10-16_15_04_23_20638&_timestamp[0]=1539702263991, entityType=appium_driver, xcuitestFindOptimizations=true, bundleId=com.perfecto.PerfectoBank, serverConnector=, serverHost=1.1.29.29:11601, securityToken=, executionId=uzie@perfectomobile.com_RemoteWebDriver_18-10-16_15_04_23_20638, webdriver.remote.sessionid=05bebe77-bf7e-49e3-a473-812fea606cd9, locationContextEnabled=true, scriptName=RemoteWebDriver, location=NA-US-BOS, reportKey=uzie@perfectomobile.com_RemoteWebDriver_18-10-16_15_04_23_20638, windTunnelReportUrl=https://demo.reporting.perfectomobile.com/library?externalId[0]=uzie@perfectomobile.com_RemoteWebDriver_18-10-16_15_04_23_20638&_timestamp[0]=1539702263991, user=, cssSelectorsEnabled=true}] ▀▄▀▄▀]]>
            </line>
            <line>
              <![CDATA[█▀▀▀▀▀▀▀▀▀▀▀▀▀▀▀▀▀▀▀▀▀▀▀▀▀▀▀▀▀▀▀▀▀▀▀▀▀▀▀▀█]]>
            </line>
            <line>
              <![CDATA[█ TEST STARTED: PerfectoBankCheckDeposit █]]>
            </line>
            <line>
              <![CDATA[█▄▄▄▄▄▄▄▄▄▄▄▄▄▄▄▄▄▄▄▄▄▄▄▄▄▄▄▄▄▄▄▄▄▄▄▄▄▄▄▄█]]>
            </line>
            <line>
              <![CDATA[<div style="display:block;margin-left:10px;"><div  class="fail"><span class="fail-label">F </span>Failed to execute command image.injection start: startImageInjection command failed. Reason: handset server: target application is not instrumented
Command duration or timeout: 3.33 seconds
Build info: version: '2.53.1', revision: 'a36b8b1cd5757287168e54b817830adce9b0158d', time: '2016-06-30 19:26:09'
System info: host: 'UziMac.lan', ip: '10.253.252.217', os.name: 'Mac OS X', os.arch: 'x86_64', os.version: '10.13.6', java.version: '1.8.0_45'
Driver info: com.qmetry.qaf.automation.ui.webdriver.QAFExtendedWebDriver
Capabilities [{reportPdfUrl=https://demo.reporting.perfectomobile.com/export/api/v1/test-executions/pdf?externalId[0]=uzie@perfectomobile.com_RemoteWebDriver_18-10-16_15_04_23_20638&_timestamp[0]=1539702263991, simpleIsVisibleCheck=true, deviceName=143D71CAAC024D6E111E8E7FF460D4C8F0080E5A, platform=ANY, password=, deviceSessionId=uzie@perfectomobile.com_RemoteWebDriver_18-10-16_15_04_23_20638, host=demo.perfectomobile.com, singleTestReportUrl=https://demo.reporting.perfectomobile.com/library?externalId[0]=uzie@perfectomobile.com_RemoteWebDriver_18-10-16_15_04_23_20638&_timestamp[0]=1539702263991, takesScreenshot=true, javascriptEnabled=true, platformName=iOS, rotatable=true, testGridReportUrl=https://demo.reporting.perfectomobile.com/library?externalId[0]=uzie@perfectomobile.com_RemoteWebDriver_18-10-16_15_04_23_20638&_timestamp[0]=1539702263991, entityType=appium_driver, xcuitestFindOptimizations=true, bundleId=com.perfecto.PerfectoBank, serverConnector=, serverHost=1.1.29.29:11601, securityToken=, executionId=uzie@perfectomobile.com_RemoteWebDriver_18-10-16_15_04_23_20638, webdriver.remote.sessionid=05bebe77-bf7e-49e3-a473-812fea606cd9, locationContextEnabled=true, scriptName=RemoteWebDriver, location=NA-US-BOS, reportKey=uzie@perfectomobile.com_RemoteWebDriver_18-10-16_15_04_23_20638, windTunnelReportUrl=https://demo.reporting.perfectomobile.com/library?externalId[0]=uzie@perfectomobile.com_RemoteWebDriver_18-10-16_15_04_23_20638&_timestamp[0]=1539702263991, user=, cssSelectorsEnabled=true}]
Session ID: 05bebe77-bf7e-49e3-a473-812fea606cd9 <a href="img/PerfectoBankCheckDeposit_rpmf7rtpy55t13888.png" target="_blank">[View Screenshot]</a> </div></div>]]>
            </line>
            <line>
              <![CDATA[▀▄▀▄▀ REPORTIUM URL: https://demo.reporting.perfectomobile.com/library?externalId%5B0%5D=uzie@perfectomobile.com_RemoteWebDriver_18-10-16_15_04_23_20638&_timestamp%5B0%5D=1539702263991 ▀▄▀▄▀]]>
            </line>
            <line>
              <![CDATA[█▀▀▀▀▀▀▀▀▀▀▀▀▀▀▀▀▀▀▀▀▀▀▀▀▀▀▀▀▀▀▀▀▀▀▀▀▀▀▀█]]>
            </line>
            <line>
              <![CDATA[█ TEST FAILED: PerfectoBankCheckDeposit █]]>
            </line>
            <line>
              <![CDATA[█▄▄▄▄▄▄▄▄▄▄▄▄▄▄▄▄▄▄▄▄▄▄▄▄▄▄▄▄▄▄▄▄▄▄▄▄▄▄▄█]]>
            </line>
          </reporter-output>
        </test-method> <!-- PerfectoBankCheckDeposit -->
        <test-method status="PASS" signature="afterMethod(org.testng.ITestContext, org.testng.ITestResult)[pri:0, instance:com.quantum.tests.PerfectoBank@71c8becc]" name="afterMethod" is-config="true" duration-ms="0" started-at="2018-10-16T11:05:14Z" finished-at="2018-10-16T11:05:14Z">
          <params>
            <param index="0">
              <value>
                <![CDATA[org.testng.TestRunner@5cc4845a]]>
              </value>
            </param>
            <param index="1">
              <value>
                <![CDATA[[TestResult name=PerfectoBankCheckDeposit status=FAILURE method=PerfectoBank.PerfectoBankCheckDeposit()[pri:0, instance:com.quantum.tests.PerfectoBank@71c8becc] output=▀▄▀▄▀ DEVICE PROPERTIES: Capabilities [{reportPdfUrl=https://demo.reporting.perfectomobile.com/export/api/v1/test-executions/pdf?externalId[0]=uzie@perfectomobile.com_RemoteWebDriver_18-10-16_15_04_23_20638&_timestamp[0]=1539702263991, simpleIsVisibleCheck=true, deviceName=143D71CAAC024D6E111E8E7FF460D4C8F0080E5A, platform=ANY, password=, deviceSessionId=uzie@perfectomobile.com_RemoteWebDriver_18-10-16_15_04_23_20638, host=demo.perfectomobile.com, singleTestReportUrl=https://demo.reporting.perfectomobile.com/library?externalId[0]=uzie@perfectomobile.com_RemoteWebDriver_18-10-16_15_04_23_20638&_timestamp[0]=1539702263991, takesScreenshot=true, javascriptEnabled=true, platformName=iOS, rotatable=true, testGridReportUrl=https://demo.reporting.perfectomobile.com/library?externalId[0]=uzie@perfectomobile.com_RemoteWebDriver_18-10-16_15_04_23_20638&_timestamp[0]=1539702263991, entityType=appium_driver, xcuitestFindOptimizations=true, bundleId=com.perfecto.PerfectoBank, serverConnector=, serverHost=1.1.29.29:11601, securityToken=, executionId=uzie@perfectomobile.com_RemoteWebDriver_18-10-16_15_04_23_20638, webdriver.remote.sessionid=05bebe77-bf7e-49e3-a473-812fea606cd9, locationContextEnabled=true, scriptName=RemoteWebDriver, location=NA-US-BOS, reportKey=uzie@perfectomobile.com_RemoteWebDriver_18-10-16_15_04_23_20638, windTunnelReportUrl=https://demo.reporting.perfectomobile.com/library?externalId[0]=uzie@perfectomobile.com_RemoteWebDriver_18-10-16_15_04_23_20638&_timestamp[0]=1539702263991, user=, cssSelectorsEnabled=true}] ▀▄▀▄▀]]]>
              </value>
            </param>
          </params>
          <reporter-output>
          </reporter-output>
        </test-method> <!-- afterMethod -->
        <test-method status="SKIP" signature="transferMoneyMoreThenBalance()[pri:0, instance:com.quantum.tests.PerfectoBank@71c8becc]" name="transferMoneyMoreThenBalance" duration-ms="0" started-at="2018-10-16T11:05:14Z" description="transfer" depends-on-methods="com.quantum.tests.PerfectoBank.PerfectoBankCheckDeposit" finished-at="2018-10-16T11:05:14Z">
          <exception class="java.lang.Throwable">
            <message>
              <![CDATA[Method PerfectoBank.transferMoneyMoreThenBalance()[pri:0, instance:com.quantum.tests.PerfectoBank@71c8becc] depends on not successfully finished methods]]>
            </message>
            <full-stacktrace>
              <![CDATA[java.lang.Throwable: Method PerfectoBank.transferMoneyMoreThenBalance()[pri:0, instance:com.quantum.tests.PerfectoBank@71c8becc] depends on not successfully finished methods
	at org.testng.internal.Invoker.invokeTestMethods(Invoker.java:1068)
	at org.testng.internal.TestMethodWorker.invokeTestMethods(TestMethodWorker.java:129)
	at org.testng.internal.TestMethodWorker.run(TestMethodWorker.java:112)
	at org.testng.TestRunner.privateRun(TestRunner.java:781)
	at org.testng.TestRunner.run(TestRunner.java:635)
	at org.testng.SuiteRunner.runTest(SuiteRunner.java:387)
	at org.testng.SuiteRunner.access$000(SuiteRunner.java:39)
	at org.testng.SuiteRunner$SuiteWorker.run(SuiteRunner.java:421)
	at org.testng.internal.thread.ThreadUtil$2.call(ThreadUtil.java:64)
	at java.util.concurrent.FutureTask.run(FutureTask.java:266)
	at java.util.concurrent.ThreadPoolExecutor.runWorker(ThreadPoolExecutor.java:1142)
	at java.util.concurrent.ThreadPoolExecutor$Worker.run(ThreadPoolExecutor.java:617)
	at java.lang.Thread.run(Thread.java:745)
]]>
            </full-stacktrace>
          </exception> <!-- java.lang.Throwable -->
          <reporter-output>
            <line>
              <![CDATA[<div style="display:block;margin-left:10px;"></div>]]>
            </line>
          </reporter-output>
        </test-method> <!-- transferMoneyMoreThenBalance -->
        <test-method status="PASS" signature="afterTest(org.testng.ITestContext)[pri:0, instance:com.quantum.tests.PerfectoBank@71c8becc]" name="afterTest" is-config="true" duration-ms="55008" started-at="2018-10-16T11:05:14Z" finished-at="2018-10-16T11:06:09Z">
          <params>
            <param index="0">
              <value>
                <![CDATA[org.testng.TestRunner@5cc4845a]]>
              </value>
            </param>
          </params>
          <reporter-output>
          </reporter-output>
        </test-method> <!-- afterTest -->
        <test-method status="PASS" signature="afterClass(org.testng.ITestContext)[pri:0, instance:com.quantum.tests.PerfectoBank@71c8becc]" name="afterClass" is-config="true" duration-ms="0" started-at="2018-10-16T11:05:14Z" finished-at="2018-10-16T11:05:14Z">
          <params>
            <param index="0">
              <value>
                <![CDATA[org.testng.TestRunner@5cc4845a]]>
              </value>
            </param>
          </params>
          <reporter-output>
          </reporter-output>
        </test-method> <!-- afterClass -->
      </class> <!-- com.quantum.tests.PerfectoBank -->
    </test> <!-- PerfectoBank ios10 -->
    <test name="PerfectoBank ios11" duration-ms="186869" started-at="2018-10-16T15:04:23Z" finished-at="2018-10-16T15:07:30Z">
      <class name="com.quantum.tests.PerfectoBank">
        <test-method status="PASS" signature="setupSuit(org.testng.ITestContext)[pri:0, instance:com.quantum.tests.PerfectoBank@79ad8b2f]" name="setupSuit" is-config="true" duration-ms="16" started-at="2018-10-16T11:04:23Z" finished-at="2018-10-16T11:04:23Z">
          <params>
            <param index="0">
              <value>
                <![CDATA[org.testng.TestRunner@5b239d7d]]>
              </value>
            </param>
          </params>
          <reporter-output>
          </reporter-output>
        </test-method> <!-- setupSuit -->
        <test-method status="PASS" signature="setupTest(org.testng.ITestContext)[pri:0, instance:com.quantum.tests.PerfectoBank@79ad8b2f]" name="setupTest" is-config="true" duration-ms="3" started-at="2018-10-16T11:04:23Z" finished-at="2018-10-16T11:04:23Z">
          <params>
            <param index="0">
              <value>
                <![CDATA[org.testng.TestRunner@5b239d7d]]>
              </value>
            </param>
          </params>
          <reporter-output>
          </reporter-output>
        </test-method> <!-- setupTest -->
        <test-method status="PASS" signature="setup(org.testng.ITestContext)[pri:0, instance:com.quantum.tests.PerfectoBank@79ad8b2f]" name="setup" is-config="true" duration-ms="1" started-at="2018-10-16T11:04:23Z" finished-at="2018-10-16T11:04:23Z">
          <params>
            <param index="0">
              <value>
                <![CDATA[org.testng.TestRunner@5b239d7d]]>
              </value>
            </param>
          </params>
          <reporter-output>
          </reporter-output>
        </test-method> <!-- setup -->
        <test-method status="PASS" signature="setupMethod(java.lang.reflect.Method, org.testng.ITestContext)[pri:0, instance:com.quantum.tests.PerfectoBank@79ad8b2f]" name="setupMethod" is-config="true" duration-ms="1" started-at="2018-10-16T11:04:23Z" finished-at="2018-10-16T11:04:23Z">
          <params>
            <param index="0">
              <value>
                <![CDATA[public void com.quantum.tests.PerfectoBank.PerfectoBankCheckDeposit()]]>
              </value>
            </param>
            <param index="1">
              <value>
                <![CDATA[org.testng.TestRunner@5b239d7d]]>
              </value>
            </param>
          </params>
          <reporter-output>
          </reporter-output>
        </test-method> <!-- setupMethod -->
        <test-method status="PASS" signature="PerfectoBankCheckDeposit()[pri:0, instance:com.quantum.tests.PerfectoBank@79ad8b2f]" name="PerfectoBankCheckDeposit" duration-ms="92622" started-at="2018-10-16T11:04:23Z" description="Search" finished-at="2018-10-16T11:05:55Z">
          <reporter-output>
            <line>
              <![CDATA[▀▄▀▄▀ DEVICE PROPERTIES: Capabilities [{reportPdfUrl=https://demo.reporting.perfectomobile.com/export/api/v1/test-executions/pdf?externalId[0]=uzie@perfectomobile.com_RemoteWebDriver_18-10-16_15_04_23_20639&_timestamp[0]=1539702263994, simpleIsVisibleCheck=true, deviceName=8AF8F6AFBC0F6CF46617EE6EFA70D140DA8D8965, platform=ANY, password=, deviceSessionId=uzie@perfectomobile.com_RemoteWebDriver_18-10-16_15_04_23_20639, host=demo.perfectomobile.com, singleTestReportUrl=https://demo.reporting.perfectomobile.com/library?externalId[0]=uzie@perfectomobile.com_RemoteWebDriver_18-10-16_15_04_23_20639&_timestamp[0]=1539702263994, takesScreenshot=true, javascriptEnabled=true, platformName=iOS, rotatable=true, testGridReportUrl=https://demo.reporting.perfectomobile.com/library?externalId[0]=uzie@perfectomobile.com_RemoteWebDriver_18-10-16_15_04_23_20639&_timestamp[0]=1539702263994, entityType=appium_driver, xcuitestFindOptimizations=true, bundleId=com.perfecto.PerfectoBank, serverConnector=, serverHost=1.1.29.76:11604, securityToken=, executionId=uzie@perfectomobile.com_RemoteWebDriver_18-10-16_15_04_23_20639, webdriver.remote.sessionid=259c4788-d7e0-426e-8389-cae5dea0f1b1, locationContextEnabled=true, scriptName=RemoteWebDriver, location=NA-US-BOS, reportKey=uzie@perfectomobile.com_RemoteWebDriver_18-10-16_15_04_23_20639, windTunnelReportUrl=https://demo.reporting.perfectomobile.com/library?externalId[0]=uzie@perfectomobile.com_RemoteWebDriver_18-10-16_15_04_23_20639&_timestamp[0]=1539702263994, user=, cssSelectorsEnabled=true}] ▀▄▀▄▀]]>
            </line>
            <line>
              <![CDATA[█▀▀▀▀▀▀▀▀▀▀▀▀▀▀▀▀▀▀▀▀▀▀▀▀▀▀▀▀▀▀▀▀▀▀▀▀▀▀▀▀█]]>
            </line>
            <line>
              <![CDATA[█ TEST STARTED: PerfectoBankCheckDeposit █]]>
            </line>
            <line>
              <![CDATA[█▄▄▄▄▄▄▄▄▄▄▄▄▄▄▄▄▄▄▄▄▄▄▄▄▄▄▄▄▄▄▄▄▄▄▄▄▄▄▄▄█]]>
            </line>
            <line>
              <![CDATA[<div style="display:block;margin-left:10px;"></div>]]>
            </line>
            <line>
              <![CDATA[▀▄▀▄▀ REPORTIUM URL: https://demo.reporting.perfectomobile.com/library?externalId%5B0%5D=uzie@perfectomobile.com_RemoteWebDriver_18-10-16_15_04_23_20639&_timestamp%5B0%5D=1539702263994 ▀▄▀▄▀]]>
            </line>
            <line>
              <![CDATA[█▀▀▀▀▀▀▀▀▀▀▀▀▀▀▀▀▀▀▀▀▀▀▀▀▀▀▀▀▀▀▀▀▀▀▀▀▀▀▀█]]>
            </line>
            <line>
              <![CDATA[█ TEST PASSED: PerfectoBankCheckDeposit █]]>
            </line>
            <line>
              <![CDATA[█▄▄▄▄▄▄▄▄▄▄▄▄▄▄▄▄▄▄▄▄▄▄▄▄▄▄▄▄▄▄▄▄▄▄▄▄▄▄▄█]]>
            </line>
          </reporter-output>
        </test-method> <!-- PerfectoBankCheckDeposit -->
        <test-method status="PASS" signature="afterMethod(org.testng.ITestContext, org.testng.ITestResult)[pri:0, instance:com.quantum.tests.PerfectoBank@79ad8b2f]" name="afterMethod" is-config="true" duration-ms="1" started-at="2018-10-16T11:05:55Z" finished-at="2018-10-16T11:05:55Z">
          <params>
            <param index="0">
              <value>
                <![CDATA[org.testng.TestRunner@5b239d7d]]>
              </value>
            </param>
            <param index="1">
              <value>
                <![CDATA[[TestResult name=PerfectoBankCheckDeposit status=SUCCESS method=PerfectoBank.PerfectoBankCheckDeposit()[pri:0, instance:com.quantum.tests.PerfectoBank@79ad8b2f] output=▀▄▀▄▀ DEVICE PROPERTIES: Capabilities [{reportPdfUrl=https://demo.reporting.perfectomobile.com/export/api/v1/test-executions/pdf?externalId[0]=uzie@perfectomobile.com_RemoteWebDriver_18-10-16_15_04_23_20639&_timestamp[0]=1539702263994, simpleIsVisibleCheck=true, deviceName=8AF8F6AFBC0F6CF46617EE6EFA70D140DA8D8965, platform=ANY, password=, deviceSessionId=uzie@perfectomobile.com_RemoteWebDriver_18-10-16_15_04_23_20639, host=demo.perfectomobile.com, singleTestReportUrl=https://demo.reporting.perfectomobile.com/library?externalId[0]=uzie@perfectomobile.com_RemoteWebDriver_18-10-16_15_04_23_20639&_timestamp[0]=1539702263994, takesScreenshot=true, javascriptEnabled=true, platformName=iOS, rotatable=true, testGridReportUrl=https://demo.reporting.perfectomobile.com/library?externalId[0]=uzie@perfectomobile.com_RemoteWebDriver_18-10-16_15_04_23_20639&_timestamp[0]=1539702263994, entityType=appium_driver, xcuitestFindOptimizations=true, bundleId=com.perfecto.PerfectoBank, serverConnector=, serverHost=1.1.29.76:11604, securityToken=, executionId=uzie@perfectomobile.com_RemoteWebDriver_18-10-16_15_04_23_20639, webdriver.remote.sessionid=259c4788-d7e0-426e-8389-cae5dea0f1b1, locationContextEnabled=true, scriptName=RemoteWebDriver, location=NA-US-BOS, reportKey=uzie@perfectomobile.com_RemoteWebDriver_18-10-16_15_04_23_20639, windTunnelReportUrl=https://demo.reporting.perfectomobile.com/library?externalId[0]=uzie@perfectomobile.com_RemoteWebDriver_18-10-16_15_04_23_20639&_timestamp[0]=1539702263994, user=, cssSelectorsEnabled=true}] ▀▄▀▄▀]]]>
              </value>
            </param>
          </params>
          <reporter-output>
          </reporter-output>
        </test-method> <!-- afterMethod -->
        <test-method status="PASS" signature="transferMoneyMoreThenBalance()[pri:0, instance:com.quantum.tests.PerfectoBank@79ad8b2f]" name="transferMoneyMoreThenBalance" duration-ms="44746" started-at="2018-10-16T11:05:55Z" description="transfer" depends-on-methods="com.quantum.tests.PerfectoBank.PerfectoBankCheckDeposit" finished-at="2018-10-16T11:06:40Z">
          <reporter-output>
            <line>
              <![CDATA[█▀▀▀▀▀▀▀▀▀▀▀▀▀▀▀▀▀▀▀▀▀▀▀▀▀▀▀▀▀▀▀▀▀▀▀▀▀▀▀▀▀▀▀▀█]]>
            </line>
            <line>
              <![CDATA[█ TEST STARTED: transferMoneyMoreThenBalance █]]>
            </line>
            <line>
              <![CDATA[█▄▄▄▄▄▄▄▄▄▄▄▄▄▄▄▄▄▄▄▄▄▄▄▄▄▄▄▄▄▄▄▄▄▄▄▄▄▄▄▄▄▄▄▄█]]>
            </line>
            <line>
              <![CDATA[<div style="display:block;margin-left:10px;"></div>]]>
            </line>
            <line>
              <![CDATA[▀▄▀▄▀ REPORTIUM URL: https://demo.reporting.perfectomobile.com/library?externalId%5B0%5D=uzie@perfectomobile.com_RemoteWebDriver_18-10-16_15_04_23_20639&_timestamp%5B0%5D=1539702263994 ▀▄▀▄▀]]>
            </line>
            <line>
              <![CDATA[█▀▀▀▀▀▀▀▀▀▀▀▀▀▀▀▀▀▀▀▀▀▀▀▀▀▀▀▀▀▀▀▀▀▀▀▀▀▀▀▀▀▀▀█]]>
            </line>
            <line>
              <![CDATA[█ TEST PASSED: transferMoneyMoreThenBalance █]]>
            </line>
            <line>
              <![CDATA[█▄▄▄▄▄▄▄▄▄▄▄▄▄▄▄▄▄▄▄▄▄▄▄▄▄▄▄▄▄▄▄▄▄▄▄▄▄▄▄▄▄▄▄█]]>
            </line>
          </reporter-output>
        </test-method> <!-- transferMoneyMoreThenBalance -->
        <test-method status="PASS" signature="setupMethod(java.lang.reflect.Method, org.testng.ITestContext)[pri:0, instance:com.quantum.tests.PerfectoBank@79ad8b2f]" name="setupMethod" is-config="true" duration-ms="0" started-at="2018-10-16T11:05:55Z" finished-at="2018-10-16T11:05:55Z">
          <params>
            <param index="0">
              <value>
                <![CDATA[public void com.quantum.tests.PerfectoBank.transferMoneyMoreThenBalance()]]>
              </value>
            </param>
            <param index="1">
              <value>
                <![CDATA[org.testng.TestRunner@5b239d7d]]>
              </value>
            </param>
          </params>
          <reporter-output>
          </reporter-output>
        </test-method> <!-- setupMethod -->
        <test-method status="PASS" signature="afterClass(org.testng.ITestContext)[pri:0, instance:com.quantum.tests.PerfectoBank@79ad8b2f]" name="afterClass" is-config="true" duration-ms="1" started-at="2018-10-16T11:06:40Z" finished-at="2018-10-16T11:06:40Z">
          <params>
            <param index="0">
              <value>
                <![CDATA[org.testng.TestRunner@5b239d7d]]>
              </value>
            </param>
          </params>
          <reporter-output>
          </reporter-output>
        </test-method> <!-- afterClass -->
        <test-method status="PASS" signature="afterMethod(org.testng.ITestContext, org.testng.ITestResult)[pri:0, instance:com.quantum.tests.PerfectoBank@79ad8b2f]" name="afterMethod" is-config="true" duration-ms="0" started-at="2018-10-16T11:06:40Z" finished-at="2018-10-16T11:06:40Z">
          <params>
            <param index="0">
              <value>
                <![CDATA[org.testng.TestRunner@5b239d7d]]>
              </value>
            </param>
            <param index="1">
              <value>
                <![CDATA[[TestResult name=transferMoneyMoreThenBalance status=SUCCESS method=PerfectoBank.transferMoneyMoreThenBalance()[pri:0, instance:com.quantum.tests.PerfectoBank@79ad8b2f] output=█▀▀▀▀▀▀▀▀▀▀▀▀▀▀▀▀▀▀▀▀▀▀▀▀▀▀▀▀▀▀▀▀▀▀▀▀▀▀▀▀▀▀▀▀█]]]>
              </value>
            </param>
          </params>
          <reporter-output>
          </reporter-output>
        </test-method> <!-- afterMethod -->
        <test-method status="PASS" signature="afterTest(org.testng.ITestContext)[pri:0, instance:com.quantum.tests.PerfectoBank@79ad8b2f]" name="afterTest" is-config="true" duration-ms="49350" started-at="2018-10-16T11:06:40Z" finished-at="2018-10-16T11:07:30Z">
          <params>
            <param index="0">
              <value>
                <![CDATA[org.testng.TestRunner@5b239d7d]]>
              </value>
            </param>
          </params>
          <reporter-output>
          </reporter-output>
        </test-method> <!-- afterTest -->
      </class> <!-- com.quantum.tests.PerfectoBank -->
    </test> <!-- PerfectoBank ios11 -->
  </suite> <!-- PerfectoBank ios10 -->
</testng-results>
