<?xml version="1.0" encoding="UTF-8"?>
<!-- Generated by org.testng.reporters.JUnitXMLReporter -->
<testsuite hostname="UziMac.lan" ignored="0" name="PerfectoBank ios10" tests="2" failures="1" timestamp="16 Oct 2018 15:06:09 GMT" time="106.599" errors="0">
  <testcase name="PerfectoBankCheckDeposit" time="50.469" classname="com.quantum.tests.PerfectoBank">
    <failure type="org.openqa.selenium.WebDriverException" message="Failed to execute command image.injection start: startImageInjection command failed. Reason: handset server: target application is not instrumented
Command duration or timeout: 3.33 seconds
Build info: version: &amp;apos;2.53.1&amp;apos;, revision: &amp;apos;a36b8b1cd5757287168e54b817830adce9b0158d&amp;apos;, time: &amp;apos;2016-06-30 19:26:09&amp;apos;
System info: host: &amp;apos;UziMac.lan&amp;apos;, ip: &amp;apos;10.253.252.217&amp;apos;, os.name: &amp;apos;Mac OS X&amp;apos;, os.arch: &amp;apos;x86_64&amp;apos;, os.version: &amp;apos;10.13.6&amp;apos;, java.version: &amp;apos;1.8.0_45&amp;apos;
Driver info: com.qmetry.qaf.automation.ui.webdriver.QAFExtendedWebDriver
Capabilities [{reportPdfUrl=https://demo.reporting.perfectomobile.com/export/api/v1/test-executions/pdf?externalId[0]=uzie@perfectomobile.com_RemoteWebDriver_18-10-16_15_04_23_20638&amp;amp;_timestamp[0]=1539702263991, simpleIsVisibleCheck=true, deviceName=143D71CAAC024D6E111E8E7FF460D4C8F0080E5A, platform=ANY, password=, deviceSessionId=uzie@perfectomobile.com_RemoteWebDriver_18-10-16_15_04_23_20638, host=demo.perfectomobile.com, singleTestReportUrl=https://demo.reporting.perfectomobile.com/library?externalId[0]=uzie@perfectomobile.com_RemoteWebDriver_18-10-16_15_04_23_20638&amp;amp;_timestamp[0]=1539702263991, takesScreenshot=true, javascriptEnabled=true, platformName=iOS, rotatable=true, testGridReportUrl=https://demo.reporting.perfectomobile.com/library?externalId[0]=uzie@perfectomobile.com_RemoteWebDriver_18-10-16_15_04_23_20638&amp;amp;_timestamp[0]=1539702263991, entityType=appium_driver, xcuitestFindOptimizations=true, bundleId=com.perfecto.PerfectoBank, serverConnector=, serverHost=1.1.29.29:11601, securityToken=, executionId=uzie@perfectomobile.com_RemoteWebDriver_18-10-16_15_04_23_20638, webdriver.remote.sessionid=05bebe77-bf7e-49e3-a473-812fea606cd9, locationContextEnabled=true, scriptName=RemoteWebDriver, location=NA-US-BOS, reportKey=uzie@perfectomobile.com_RemoteWebDriver_18-10-16_15_04_23_20638, windTunnelReportUrl=https://demo.reporting.perfectomobile.com/library?externalId[0]=uzie@perfectomobile.com_RemoteWebDriver_18-10-16_15_04_23_20638&amp;amp;_timestamp[0]=1539702263991, user=, cssSelectorsEnabled=true}]
Session ID: 05bebe77-bf7e-49e3-a473-812fea606cd9">
      <![CDATA[org.openqa.selenium.WebDriverException: Failed to execute command image.injection start: startImageInjection command failed. Reason: handset server: target application is not instrumented
Command duration or timeout: 3.33 seconds
Build info: version: '2.53.1', revision: 'a36b8b1cd5757287168e54b817830adce9b0158d', time: '2016-06-30 19:26:09'
System info: host: 'UziMac.lan', ip: '10.253.252.217', os.name: 'Mac OS X', os.arch: 'x86_64', os.version: '10.13.6', java.version: '1.8.0_45'
Driver info: com.qmetry.qaf.automation.ui.webdriver.QAFExtendedWebDriver
Capabilities [{reportPdfUrl=https://demo.reporting.perfectomobile.com/export/api/v1/test-executions/pdf?externalId[0]=uzie@perfectomobile.com_RemoteWebDriver_18-10-16_15_04_23_20638&_timestamp[0]=1539702263991, simpleIsVisibleCheck=true, deviceName=143D71CAAC024D6E111E8E7FF460D4C8F0080E5A, platform=ANY, password=, deviceSessionId=uzie@perfectomobile.com_RemoteWebDriver_18-10-16_15_04_23_20638, host=demo.perfectomobile.com, singleTestReportUrl=https://demo.reporting.perfectomobile.com/library?externalId[0]=uzie@perfectomobile.com_RemoteWebDriver_18-10-16_15_04_23_20638&_timestamp[0]=1539702263991, takesScreenshot=true, javascriptEnabled=true, platformName=iOS, rotatable=true, testGridReportUrl=https://demo.reporting.perfectomobile.com/library?externalId[0]=uzie@perfectomobile.com_RemoteWebDriver_18-10-16_15_04_23_20638&_timestamp[0]=1539702263991, entityType=appium_driver, xcuitestFindOptimizations=true, bundleId=com.perfecto.PerfectoBank, serverConnector=, serverHost=1.1.29.29:11601, securityToken=, executionId=uzie@perfectomobile.com_RemoteWebDriver_18-10-16_15_04_23_20638, webdriver.remote.sessionid=05bebe77-bf7e-49e3-a473-812fea606cd9, locationContextEnabled=true, scriptName=RemoteWebDriver, location=NA-US-BOS, reportKey=uzie@perfectomobile.com_RemoteWebDriver_18-10-16_15_04_23_20638, windTunnelReportUrl=https://demo.reporting.perfectomobile.com/library?externalId[0]=uzie@perfectomobile.com_RemoteWebDriver_18-10-16_15_04_23_20638&_timestamp[0]=1539702263991, user=, cssSelectorsEnabled=true}]
Session ID: 05bebe77-bf7e-49e3-a473-812fea606cd9
	at org.openqa.selenium.remote.ErrorHandler.createThrowable(ErrorHandler.java:206)
	at org.openqa.selenium.remote.ErrorHandler.throwIfResponseFailed(ErrorHandler.java:158)
	at org.openqa.selenium.remote.RemoteWebDriver.execute(RemoteWebDriver.java:678)
	at com.qmetry.qaf.automation.ui.webdriver.QAFExtendedWebDriver.execute(QAFExtendedWebDriver.java:234)
	at com.qmetry.qaf.automation.ui.webdriver.QAFExtendedWebDriver.executeScript(QAFExtendedWebDriver.java:529)
	at com.quantum.utils.moreActions.startImageInjection(moreActions.java:39)
	at com.quantum.tests.PerfectoBank.PerfectoBankCheckDeposit(PerfectoBank.java:36)
	at java.util.concurrent.FutureTask.run(FutureTask.java:266)
	at java.util.concurrent.ThreadPoolExecutor.runWorker(ThreadPoolExecutor.java:1142)
	at java.util.concurrent.ThreadPoolExecutor$Worker.run(ThreadPoolExecutor.java:617)
	at java.lang.Thread.run(Thread.java:745)
Caused by: java.lang.RuntimeException: Failed to execute command image.injection start: startImageInjection command failed. Reason: handset server: target application is not instrumented
	at com.perfectomobile.selenium.MobileEntity.processCommonResponse(MobileEntity.java:102)
	at com.perfectomobile.selenium.MobileDevice.processResponse(MobileDevice.java:530)
	at com.perfectomobile.selenium.MobileEntity.executeDataCommand(MobileEntity.java:68)
	at com.perfectomobile.selenium.MobileEntity.executeDataCommand(MobileEntity.java:61)
	at com.perfectomobile.selenium.MobileDevice.executeGenericCommand(MobileDevice.java:611)
	at com.perfectomobile.selenium.MobileDevice.executeGenericCommand(MobileDevice.java:55)
	at com.perfectomobile.selenium.server.appium.ExecuteScript.executeGenericCommand(ExecuteScript.java:119)
	at com.perfectomobile.selenium.server.appium.ExecuteScript.executeGenericCommand(ExecuteScript.java:77)
	at com.perfectomobile.selenium.server.appium.ExecuteScript.mobileCall(ExecuteScript.java:48)
	at com.perfectomobile.selenium.server.MobileWebDriverHandler.call(MobileWebDriverHandler.java:23)
	at org.openqa.selenium.remote.server.handler.WebDriverHandler.handle(WebDriverHandler.java:41)
	at org.openqa.selenium.remote.server.rest.ResultConfig.handle(ResultConfig.java:112)
	at org.openqa.selenium.remote.server.JsonHttpCommandHandler.handleRequest(JsonHttpCommandHandler.java:192)
	at org.openqa.selenium.remote.server.MobileDriverServlet.lambda$handleRequest$0(MobileDriverServlet.java:465)
	at java.util.concurrent.Executors$RunnableAdapter.call(Executors.java:511)
	at java.util.concurrent.FutureTask.run(FutureTask.java:266)
	at java.util.concurrent.ThreadPoolExecutor.runWorker(ThreadPoolExecutor.java:1142)
	at java.util.concurrent.ThreadPoolExecutor$Worker.run(ThreadPoolExecutor.java:617)
	at java.lang.Thread.run(Thread.java:748)
... Removed 20 stack frames]]>
    </failure>
  </testcase> <!-- PerfectoBankCheckDeposit -->
  <testcase name="transferMoneyMoreThenBalance" time="0.0" classname="com.quantum.tests.PerfectoBank">
    <skipped/>
  </testcase> <!-- transferMoneyMoreThenBalance -->
</testsuite> <!-- PerfectoBank ios10 -->
