<?xml version="1.0" encoding="UTF-8"?>
<!-- Generated by org.testng.reporters.JUnitXMLReporter -->
<testsuite hostname="UziMac.lan" ignored="0" name="PerfectoBank ios11" tests="2" failures="0" timestamp="16 Oct 2018 15:07:30 GMT" time="186.869" errors="0">
  <testcase name="PerfectoBankCheckDeposit" time="92.622" classname="com.quantum.tests.PerfectoBank"/>
  <testcase name="transferMoneyMoreThenBalance" time="44.746" classname="com.quantum.tests.PerfectoBank"/>
</testsuite> <!-- PerfectoBank ios11 -->
